2018-06-27 23:29:25.2278|1|ERROR|Microsoft.AspNetCore.Diagnostics.DeveloperExceptionPageMiddleware|An unhandled exception has occurred while executing the request. Microsoft.AspNetCore.Mvc.Razor.Compilation.CompilationFailedException: One or more compilation failures occurred:
E:\2018Project\ERP项目\SoaProJect\FytSoa.Web\Pages\FytAdmin\Stock\TransferGoods.cshtml(60,40): error CS1061: 'TransferGoodsModel' does not contain a definition for 'TransferModel' and no extension method 'TransferModel' accepting a first argument of type 'TransferGoodsModel' could be found (are you missing a using directive or an assembly reference?)
E:\2018Project\ERP项目\SoaProJect\FytSoa.Web\Pages\FytAdmin\Stock\TransferGoods.cshtml(60,80): error CS1061: 'TransferGoodsModel' does not contain a definition for 'TransferModel' and no extension method 'TransferModel' accepting a first argument of type 'TransferGoodsModel' could be found (are you missing a using directive or an assembly reference?)
   at Microsoft.AspNetCore.Mvc.Razor.Internal.RazorViewCompiler.CompileAndEmit(RazorCodeDocument codeDocument, String generatedCode)
   at Microsoft.AspNetCore.Mvc.Razor.Internal.RazorViewCompiler.CompileAndEmit(String relativePath)
   at Microsoft.AspNetCore.Mvc.Razor.Internal.RazorViewCompiler.OnCacheMiss(String normalizedPath)
--- End of stack trace from previous location where exception was thrown ---
   at Microsoft.AspNetCore.Mvc.RazorPages.Internal.DefaultPageLoader.Load(PageActionDescriptor actionDescriptor)
   at Microsoft.AspNetCore.Mvc.RazorPages.Internal.PageActionInvokerProvider.OnProvidersExecuting(ActionInvokerProviderContext context)
   at Microsoft.AspNetCore.Mvc.Internal.ActionInvokerFactory.CreateInvoker(ActionContext actionContext)
   at Microsoft.AspNetCore.Mvc.Internal.MvcAttributeRouteHandler.<>c__DisplayClass12_0.<RouteAsync>b__0(HttpContext c)
   at Microsoft.AspNetCore.Builder.RouterMiddleware.Invoke(HttpContext httpContext)
   at Microsoft.AspNetCore.Cors.Infrastructure.CorsMiddleware.Invoke(HttpContext context)
   at Microsoft.AspNetCore.StaticFiles.StaticFileMiddleware.Invoke(HttpContext context)
   at Microsoft.AspNetCore.Authentication.AuthenticationMiddleware.Invoke(HttpContext context)
   at Microsoft.AspNetCore.Diagnostics.DeveloperExceptionPageMiddleware.Invoke(HttpContext context)|url: |action:  |IP: |QueryString: 
2018-06-27 23:29:43.2108|1|ERROR|Microsoft.AspNetCore.Diagnostics.DeveloperExceptionPageMiddleware|An unhandled exception has occurred while executing the request. Microsoft.AspNetCore.Mvc.Razor.Compilation.CompilationFailedException: One or more compilation failures occurred:
E:\2018Project\ERP项目\SoaProJect\FytSoa.Web\Pages\FytAdmin\Stock\TransferGoods.cshtml(60,40): error CS1061: 'TransferGoodsModel' does not contain a definition for 'TransferModel' and no extension method 'TransferModel' accepting a first argument of type 'TransferGoodsModel' could be found (are you missing a using directive or an assembly reference?)
E:\2018Project\ERP项目\SoaProJect\FytSoa.Web\Pages\FytAdmin\Stock\TransferGoods.cshtml(60,80): error CS1061: 'TransferGoodsModel' does not contain a definition for 'TransferModel' and no extension method 'TransferModel' accepting a first argument of type 'TransferGoodsModel' could be found (are you missing a using directive or an assembly reference?)
   at Microsoft.AspNetCore.Mvc.Razor.Internal.RazorViewCompiler.CompileAndEmit(RazorCodeDocument codeDocument, String generatedCode)
   at Microsoft.AspNetCore.Mvc.Razor.Internal.RazorViewCompiler.CompileAndEmit(String relativePath)
   at Microsoft.AspNetCore.Mvc.Razor.Internal.RazorViewCompiler.OnCacheMiss(String normalizedPath)
--- End of stack trace from previous location where exception was thrown ---
   at Microsoft.AspNetCore.Mvc.RazorPages.Internal.DefaultPageLoader.Load(PageActionDescriptor actionDescriptor)
   at Microsoft.AspNetCore.Mvc.RazorPages.Internal.PageActionInvokerProvider.OnProvidersExecuting(ActionInvokerProviderContext context)
   at Microsoft.AspNetCore.Mvc.Internal.ActionInvokerFactory.CreateInvoker(ActionContext actionContext)
   at Microsoft.AspNetCore.Mvc.Internal.MvcAttributeRouteHandler.<>c__DisplayClass12_0.<RouteAsync>b__0(HttpContext c)
   at Microsoft.AspNetCore.Builder.RouterMiddleware.Invoke(HttpContext httpContext)
   at Microsoft.AspNetCore.Cors.Infrastructure.CorsMiddleware.Invoke(HttpContext context)
   at Microsoft.AspNetCore.StaticFiles.StaticFileMiddleware.Invoke(HttpContext context)
   at Microsoft.AspNetCore.Authentication.AuthenticationMiddleware.Invoke(HttpContext context)
   at Microsoft.AspNetCore.Diagnostics.DeveloperExceptionPageMiddleware.Invoke(HttpContext context)|url: |action:  |IP: |QueryString: 
2018-06-27 23:29:43.9225|1|ERROR|Microsoft.AspNetCore.Diagnostics.DeveloperExceptionPageMiddleware|An unhandled exception has occurred while executing the request. Microsoft.AspNetCore.Mvc.Razor.Compilation.CompilationFailedException: One or more compilation failures occurred:
E:\2018Project\ERP项目\SoaProJect\FytSoa.Web\Pages\FytAdmin\Stock\TransferGoods.cshtml(60,40): error CS1061: 'TransferGoodsModel' does not contain a definition for 'TransferModel' and no extension method 'TransferModel' accepting a first argument of type 'TransferGoodsModel' could be found (are you missing a using directive or an assembly reference?)
E:\2018Project\ERP项目\SoaProJect\FytSoa.Web\Pages\FytAdmin\Stock\TransferGoods.cshtml(60,80): error CS1061: 'TransferGoodsModel' does not contain a definition for 'TransferModel' and no extension method 'TransferModel' accepting a first argument of type 'TransferGoodsModel' could be found (are you missing a using directive or an assembly reference?)
   at Microsoft.AspNetCore.Mvc.Razor.Internal.RazorViewCompiler.CompileAndEmit(RazorCodeDocument codeDocument, String generatedCode)
   at Microsoft.AspNetCore.Mvc.Razor.Internal.RazorViewCompiler.CompileAndEmit(String relativePath)
   at Microsoft.AspNetCore.Mvc.Razor.Internal.RazorViewCompiler.OnCacheMiss(String normalizedPath)
--- End of stack trace from previous location where exception was thrown ---
   at Microsoft.AspNetCore.Mvc.RazorPages.Internal.DefaultPageLoader.Load(PageActionDescriptor actionDescriptor)
   at Microsoft.AspNetCore.Mvc.RazorPages.Internal.PageActionInvokerProvider.OnProvidersExecuting(ActionInvokerProviderContext context)
   at Microsoft.AspNetCore.Mvc.Internal.ActionInvokerFactory.CreateInvoker(ActionContext actionContext)
   at Microsoft.AspNetCore.Mvc.Internal.MvcAttributeRouteHandler.<>c__DisplayClass12_0.<RouteAsync>b__0(HttpContext c)
   at Microsoft.AspNetCore.Builder.RouterMiddleware.Invoke(HttpContext httpContext)
   at Microsoft.AspNetCore.Cors.Infrastructure.CorsMiddleware.Invoke(HttpContext context)
   at Microsoft.AspNetCore.StaticFiles.StaticFileMiddleware.Invoke(HttpContext context)
   at Microsoft.AspNetCore.Authentication.AuthenticationMiddleware.Invoke(HttpContext context)
   at Microsoft.AspNetCore.Diagnostics.DeveloperExceptionPageMiddleware.Invoke(HttpContext context)|url: |action:  |IP: |QueryString: 
