2018-07-14 16:23:44.9989|1|ERROR|Microsoft.AspNetCore.Diagnostics.DeveloperExceptionPageMiddleware|An unhandled exception has occurred while executing the request. System.AggregateException: One or more errors occurred. (I'm sorry I can't parse the current expression) ---> SqlSugar.UtilExceptions: I'm sorry I can't parse the current expression
   at SqlSugar.Check.Exception(Boolean isException, String message, String[] args)
   at SqlSugar.SubResolve..ctor(MethodCallExpression expression, ExpressionContext context, Expression oppsiteExpression)
   at SqlSugar.MethodCallExpressionResolve..ctor(ExpressionParameter parameter)
   at SqlSugar.BaseResolve.Start()
   at SqlSugar.BinaryExpressionResolve..ctor(ExpressionParameter parameter)
   at SqlSugar.BaseResolve.Start()
   at SqlSugar.ExpressionContext.Resolve(Expression expression, ResolveExpressType resolveType)
   at SqlSugar.BaseResolve.ResolveNewExpressions(ExpressionParameter parameter, Expression item, String asName)
   at SqlSugar.MemberInitExpressionResolve.Select(MemberInitExpression expression, ExpressionParameter parameter, Boolean isSingle)
   at SqlSugar.MemberInitExpressionResolve..ctor(ExpressionParameter parameter)
   at SqlSugar.BaseResolve.Start()
   at SqlSugar.LambdaExpressionResolve..ctor(ExpressionParameter parameter)
   at SqlSugar.BaseResolve.Start()
   at SqlSugar.ExpressionContext.Resolve(Expression expression, ResolveExpressType resolveType)
   at SqlSugar.QueryBuilder.GetExpressionValue(Expression expression, ResolveExpressType resolveType)
   at SqlSugar.QueryBuilder.GetSelectValueByExpression()
   at SqlSugar.MySqlQueryBuilder.get_GetSelectValue()
   at SqlSugar.MySqlQueryBuilder.ToSqlString()
   at SqlSugar.QueryableProvider`1.ToSql()
   at SqlSugar.QueryableProvider`1._ToList[TResult]()
   at SqlSugar.QueryableProvider`1.ToList()
   at SqlSugar.QueryableProvider`1.First()
   at FytSoa.Service.Implements.ErpGoodsSkuService.GetByCodeAsync(String shopGuid, String code) in E:\2018Project\ERP项目\SoaProJect\FytSoa.Service\Implements\Erp\ErpGoodsSkuService.cs:line 138
   --- End of inner exception stack trace ---
   at System.Threading.Tasks.Task`1.GetResultCore(Boolean waitCompletionNotification)
   at FytSoa.Api.Areas.APP.Controllers.GoodsController.GetGoodsByCode(String shopGuid, String code) in E:\2018Project\ERP项目\SoaProJect\FytSoa.Api\Areas\APP\Controllers\GoodsController.cs:line 34
   at lambda_method(Closure , Object , Object[] )
   at Microsoft.Extensions.Internal.ObjectMethodExecutor.Execute(Object target, Object[] parameters)
   at Microsoft.AspNetCore.Mvc.Internal.ActionMethodExecutor.SyncActionResultExecutor.Execute(IActionResultTypeMapper mapper, ObjectMethodExecutor executor, Object controller, Object[] arguments)
   at Microsoft.AspNetCore.Mvc.Internal.ControllerActionInvoker.InvokeActionMethodAsync()
   at Microsoft.AspNetCore.Mvc.Internal.ControllerActionInvoker.InvokeNextActionFilterAsync()
   at Microsoft.AspNetCore.Mvc.Internal.ControllerActionInvoker.Rethrow(ActionExecutedContext context)
   at Microsoft.AspNetCore.Mvc.Internal.ControllerActionInvoker.Next(State& next, Scope& scope, Object& state, Boolean& isCompleted)
   at Microsoft.AspNetCore.Mvc.Internal.ControllerActionInvoker.InvokeInnerFilterAsync()
   at Microsoft.AspNetCore.Mvc.Internal.ResourceInvoker.InvokeNextResourceFilter()
   at Microsoft.AspNetCore.Mvc.Internal.ResourceInvoker.Rethrow(ResourceExecutedContext context)
   at Microsoft.AspNetCore.Mvc.Internal.ResourceInvoker.Next(State& next, Scope& scope, Object& state, Boolean& isCompleted)
   at Microsoft.AspNetCore.Mvc.Internal.ResourceInvoker.InvokeFilterPipelineAsync()
   at Microsoft.AspNetCore.Mvc.Internal.ResourceInvoker.InvokeAsync()
   at Microsoft.AspNetCore.Builder.RouterMiddleware.Invoke(HttpContext httpContext)
   at Microsoft.AspNetCore.Cors.Infrastructure.CorsMiddleware.Invoke(HttpContext context)
   at Microsoft.AspNetCore.StaticFiles.StaticFileMiddleware.Invoke(HttpContext context)
   at Microsoft.AspNetCore.Authentication.AuthenticationMiddleware.Invoke(HttpContext context)
   at Microsoft.AspNetCore.Diagnostics.DeveloperExceptionPageMiddleware.Invoke(HttpContext context)
---> (Inner Exception #0) SqlSugar.UtilExceptions: I'm sorry I can't parse the current expression
   at SqlSugar.Check.Exception(Boolean isException, String message, String[] args)
   at SqlSugar.SubResolve..ctor(MethodCallExpression expression, ExpressionContext context, Expression oppsiteExpression)
   at SqlSugar.MethodCallExpressionResolve..ctor(ExpressionParameter parameter)
   at SqlSugar.BaseResolve.Start()
   at SqlSugar.BinaryExpressionResolve..ctor(ExpressionParameter parameter)
   at SqlSugar.BaseResolve.Start()
   at SqlSugar.ExpressionContext.Resolve(Expression expression, ResolveExpressType resolveType)
   at SqlSugar.BaseResolve.ResolveNewExpressions(ExpressionParameter parameter, Expression item, String asName)
   at SqlSugar.MemberInitExpressionResolve.Select(MemberInitExpression expression, ExpressionParameter parameter, Boolean isSingle)
   at SqlSugar.MemberInitExpressionResolve..ctor(ExpressionParameter parameter)
   at SqlSugar.BaseResolve.Start()
   at SqlSugar.LambdaExpressionResolve..ctor(ExpressionParameter parameter)
   at SqlSugar.BaseResolve.Start()
   at SqlSugar.ExpressionContext.Resolve(Expression expression, ResolveExpressType resolveType)
   at SqlSugar.QueryBuilder.GetExpressionValue(Expression expression, ResolveExpressType resolveType)
   at SqlSugar.QueryBuilder.GetSelectValueByExpression()
   at SqlSugar.MySqlQueryBuilder.get_GetSelectValue()
   at SqlSugar.MySqlQueryBuilder.ToSqlString()
   at SqlSugar.QueryableProvider`1.ToSql()
   at SqlSugar.QueryableProvider`1._ToList[TResult]()
   at SqlSugar.QueryableProvider`1.ToList()
   at SqlSugar.QueryableProvider`1.First()
   at FytSoa.Service.Implements.ErpGoodsSkuService.GetByCodeAsync(String shopGuid, String code) in E:\2018Project\ERP项目\SoaProJect\FytSoa.Service\Implements\Erp\ErpGoodsSkuService.cs:line 138<---
|url: |action:  |IP: |QueryString: 
