2018-10-26 17:42:57.7622|1|ERROR|Microsoft.AspNetCore.Diagnostics.DeveloperExceptionPageMiddleware|An unhandled exception has occurred while executing the request. System.AggregateException: One or more errors occurred. (Unknown column 'Summary' in 'field list') ---> MySql.Data.MySqlClient.MySqlException: Unknown column 'Summary' in 'field list'
   at SqlSugar.AdoProvider.GetDataReader(String sql, SugarParameter[] parameters)
   at SqlSugar.QueryableProvider`1.GetData[TResult](KeyValuePair`2 sqlObj)
   at SqlSugar.QueryableProvider`1._ToList[TResult]()
   at SqlSugar.QueryableProvider`1.ToList()
   at SqlSugar.QueryableProvider`1.Single()
   at SqlSugar.QueryableProvider`1.Single(Expression`1 expression)
   at SqlSugar.SimpleClient`1.GetSingle(Expression`1 whereExpression)
   at FytSoa.Service.Implements.ErpSkuLossOrderService.GetByGuidAsync(String parm) in E:\2018Project\ERP项目\SoaProJect\FytSoa.Service\Implements\Erp\ErpSkuLossOrderService.cs:line 54
   --- End of inner exception stack trace ---
   at System.Threading.Tasks.Task`1.GetResultCore(Boolean waitCompletionNotification)
   at FytSoa.Web.Pages.FytAdmin.Goods.LossOrderModel.OnGet(String guid) in E:\2018Project\ERP项目\SoaProJect\FytSoa.Web\Pages\FytAdmin\Goods\LossOrder.cshtml.cs:line 27
   at Microsoft.AspNetCore.Mvc.RazorPages.Internal.ExecutorFactory.VoidHandlerMethod.Execute(Object receiver, Object[] arguments)
   at Microsoft.AspNetCore.Mvc.RazorPages.Internal.PageActionInvoker.InvokeHandlerMethodAsync()
   at Microsoft.AspNetCore.Mvc.RazorPages.Internal.PageActionInvoker.InvokeNextPageFilterAsync()
   at Microsoft.AspNetCore.Mvc.RazorPages.Internal.PageActionInvoker.Rethrow(PageHandlerExecutedContext context)
   at Microsoft.AspNetCore.Mvc.RazorPages.Internal.PageActionInvoker.Next(State& next, Scope& scope, Object& state, Boolean& isCompleted)
   at Microsoft.AspNetCore.Mvc.RazorPages.Internal.PageActionInvoker.InvokeInnerFilterAsync()
   at Microsoft.AspNetCore.Mvc.Internal.ResourceInvoker.InvokeNextResourceFilter()
   at Microsoft.AspNetCore.Mvc.Internal.ResourceInvoker.Rethrow(ResourceExecutedContext context)
   at Microsoft.AspNetCore.Mvc.Internal.ResourceInvoker.Next(State& next, Scope& scope, Object& state, Boolean& isCompleted)
   at Microsoft.AspNetCore.Mvc.Internal.ResourceInvoker.InvokeFilterPipelineAsync()
   at Microsoft.AspNetCore.Mvc.Internal.ResourceInvoker.InvokeAsync()
   at Microsoft.AspNetCore.Builder.RouterMiddleware.Invoke(HttpContext httpContext)
   at Microsoft.AspNetCore.Cors.Infrastructure.CorsMiddleware.Invoke(HttpContext context)
   at Microsoft.AspNetCore.StaticFiles.StaticFileMiddleware.Invoke(HttpContext context)
   at Microsoft.AspNetCore.Authentication.AuthenticationMiddleware.Invoke(HttpContext context)
   at Microsoft.AspNetCore.Diagnostics.DeveloperExceptionPageMiddleware.Invoke(HttpContext context)
---> (Inner Exception #0) MySql.Data.MySqlClient.MySqlException (0x80004005): Unknown column 'Summary' in 'field list'
   at SqlSugar.AdoProvider.GetDataReader(String sql, SugarParameter[] parameters)
   at SqlSugar.QueryableProvider`1.GetData[TResult](KeyValuePair`2 sqlObj)
   at SqlSugar.QueryableProvider`1._ToList[TResult]()
   at SqlSugar.QueryableProvider`1.ToList()
   at SqlSugar.QueryableProvider`1.Single()
   at SqlSugar.QueryableProvider`1.Single(Expression`1 expression)
   at SqlSugar.SimpleClient`1.GetSingle(Expression`1 whereExpression)
   at FytSoa.Service.Implements.ErpSkuLossOrderService.GetByGuidAsync(String parm) in E:\2018Project\ERP项目\SoaProJect\FytSoa.Service\Implements\Erp\ErpSkuLossOrderService.cs:line 54<---
|url: |action:  |IP: |QueryString: 
2018-10-26 17:43:43.9586|1|ERROR|Microsoft.AspNetCore.Diagnostics.DeveloperExceptionPageMiddleware|An unhandled exception has occurred while executing the request. System.AggregateException: One or more errors occurred. (Unknown column 'Summary' in 'field list') ---> MySql.Data.MySqlClient.MySqlException: Unknown column 'Summary' in 'field list'
   at SqlSugar.AdoProvider.GetDataReader(String sql, SugarParameter[] parameters)
   at SqlSugar.QueryableProvider`1.GetData[TResult](KeyValuePair`2 sqlObj)
   at SqlSugar.QueryableProvider`1._ToList[TResult]()
   at SqlSugar.QueryableProvider`1.ToList()
   at SqlSugar.QueryableProvider`1.Single()
   at SqlSugar.QueryableProvider`1.Single(Expression`1 expression)
   at SqlSugar.SimpleClient`1.GetSingle(Expression`1 whereExpression)
   at FytSoa.Service.Implements.ErpSkuLossOrderService.GetByGuidAsync(String parm) in E:\2018Project\ERP项目\SoaProJect\FytSoa.Service\Implements\Erp\ErpSkuLossOrderService.cs:line 54
   --- End of inner exception stack trace ---
   at System.Threading.Tasks.Task`1.GetResultCore(Boolean waitCompletionNotification)
   at FytSoa.Web.Pages.FytAdmin.Goods.LossOrderModel.OnGet(String guid) in E:\2018Project\ERP项目\SoaProJect\FytSoa.Web\Pages\FytAdmin\Goods\LossOrder.cshtml.cs:line 27
   at Microsoft.AspNetCore.Mvc.RazorPages.Internal.ExecutorFactory.VoidHandlerMethod.Execute(Object receiver, Object[] arguments)
   at Microsoft.AspNetCore.Mvc.RazorPages.Internal.PageActionInvoker.InvokeHandlerMethodAsync()
   at Microsoft.AspNetCore.Mvc.RazorPages.Internal.PageActionInvoker.InvokeNextPageFilterAsync()
   at Microsoft.AspNetCore.Mvc.RazorPages.Internal.PageActionInvoker.Rethrow(PageHandlerExecutedContext context)
   at Microsoft.AspNetCore.Mvc.RazorPages.Internal.PageActionInvoker.Next(State& next, Scope& scope, Object& state, Boolean& isCompleted)
   at Microsoft.AspNetCore.Mvc.RazorPages.Internal.PageActionInvoker.InvokeInnerFilterAsync()
   at Microsoft.AspNetCore.Mvc.Internal.ResourceInvoker.InvokeNextResourceFilter()
   at Microsoft.AspNetCore.Mvc.Internal.ResourceInvoker.Rethrow(ResourceExecutedContext context)
   at Microsoft.AspNetCore.Mvc.Internal.ResourceInvoker.Next(State& next, Scope& scope, Object& state, Boolean& isCompleted)
   at Microsoft.AspNetCore.Mvc.Internal.ResourceInvoker.InvokeFilterPipelineAsync()
   at Microsoft.AspNetCore.Mvc.Internal.ResourceInvoker.InvokeAsync()
   at Microsoft.AspNetCore.Builder.RouterMiddleware.Invoke(HttpContext httpContext)
   at Microsoft.AspNetCore.Cors.Infrastructure.CorsMiddleware.Invoke(HttpContext context)
   at Microsoft.AspNetCore.StaticFiles.StaticFileMiddleware.Invoke(HttpContext context)
   at Microsoft.AspNetCore.Authentication.AuthenticationMiddleware.Invoke(HttpContext context)
   at Microsoft.AspNetCore.Diagnostics.DeveloperExceptionPageMiddleware.Invoke(HttpContext context)
---> (Inner Exception #0) MySql.Data.MySqlClient.MySqlException (0x80004005): Unknown column 'Summary' in 'field list'
   at SqlSugar.AdoProvider.GetDataReader(String sql, SugarParameter[] parameters)
   at SqlSugar.QueryableProvider`1.GetData[TResult](KeyValuePair`2 sqlObj)
   at SqlSugar.QueryableProvider`1._ToList[TResult]()
   at SqlSugar.QueryableProvider`1.ToList()
   at SqlSugar.QueryableProvider`1.Single()
   at SqlSugar.QueryableProvider`1.Single(Expression`1 expression)
   at SqlSugar.SimpleClient`1.GetSingle(Expression`1 whereExpression)
   at FytSoa.Service.Implements.ErpSkuLossOrderService.GetByGuidAsync(String parm) in E:\2018Project\ERP项目\SoaProJect\FytSoa.Service\Implements\Erp\ErpSkuLossOrderService.cs:line 54<---
|url: |action:  |IP: |QueryString: 
2018-10-26 17:45:03.0175|1|ERROR|Microsoft.AspNetCore.Diagnostics.DeveloperExceptionPageMiddleware|An unhandled exception has occurred while executing the request. System.AggregateException: One or more errors occurred. (Unknown column 'Summary' in 'field list') ---> MySql.Data.MySqlClient.MySqlException: Unknown column 'Summary' in 'field list'
   at SqlSugar.AdoProvider.GetDataReader(String sql, SugarParameter[] parameters)
   at SqlSugar.QueryableProvider`1.GetData[TResult](KeyValuePair`2 sqlObj)
   at SqlSugar.QueryableProvider`1._ToList[TResult]()
   at SqlSugar.QueryableProvider`1.ToList()
   at SqlSugar.QueryableProvider`1.Single()
   at SqlSugar.QueryableProvider`1.Single(Expression`1 expression)
   at SqlSugar.SimpleClient`1.GetSingle(Expression`1 whereExpression)
   at FytSoa.Service.Implements.ErpSkuLossOrderService.GetByGuidAsync(String parm) in E:\2018Project\ERP项目\SoaProJect\FytSoa.Service\Implements\Erp\ErpSkuLossOrderService.cs:line 54
   --- End of inner exception stack trace ---
   at System.Threading.Tasks.Task`1.GetResultCore(Boolean waitCompletionNotification)
   at FytSoa.Web.Pages.FytAdmin.Goods.LossOrderModel.OnGet(String guid) in E:\2018Project\ERP项目\SoaProJect\FytSoa.Web\Pages\FytAdmin\Goods\LossOrder.cshtml.cs:line 27
   at Microsoft.AspNetCore.Mvc.RazorPages.Internal.ExecutorFactory.VoidHandlerMethod.Execute(Object receiver, Object[] arguments)
   at Microsoft.AspNetCore.Mvc.RazorPages.Internal.PageActionInvoker.InvokeHandlerMethodAsync()
   at Microsoft.AspNetCore.Mvc.RazorPages.Internal.PageActionInvoker.InvokeNextPageFilterAsync()
   at Microsoft.AspNetCore.Mvc.RazorPages.Internal.PageActionInvoker.Rethrow(PageHandlerExecutedContext context)
   at Microsoft.AspNetCore.Mvc.RazorPages.Internal.PageActionInvoker.Next(State& next, Scope& scope, Object& state, Boolean& isCompleted)
   at Microsoft.AspNetCore.Mvc.RazorPages.Internal.PageActionInvoker.InvokeInnerFilterAsync()
   at Microsoft.AspNetCore.Mvc.Internal.ResourceInvoker.InvokeNextResourceFilter()
   at Microsoft.AspNetCore.Mvc.Internal.ResourceInvoker.Rethrow(ResourceExecutedContext context)
   at Microsoft.AspNetCore.Mvc.Internal.ResourceInvoker.Next(State& next, Scope& scope, Object& state, Boolean& isCompleted)
   at Microsoft.AspNetCore.Mvc.Internal.ResourceInvoker.InvokeFilterPipelineAsync()
   at Microsoft.AspNetCore.Mvc.Internal.ResourceInvoker.InvokeAsync()
   at Microsoft.AspNetCore.Builder.RouterMiddleware.Invoke(HttpContext httpContext)
   at Microsoft.AspNetCore.Cors.Infrastructure.CorsMiddleware.Invoke(HttpContext context)
   at Microsoft.AspNetCore.StaticFiles.StaticFileMiddleware.Invoke(HttpContext context)
   at Microsoft.AspNetCore.Authentication.AuthenticationMiddleware.Invoke(HttpContext context)
   at Microsoft.AspNetCore.Diagnostics.DeveloperExceptionPageMiddleware.Invoke(HttpContext context)
---> (Inner Exception #0) MySql.Data.MySqlClient.MySqlException (0x80004005): Unknown column 'Summary' in 'field list'
   at SqlSugar.AdoProvider.GetDataReader(String sql, SugarParameter[] parameters)
   at SqlSugar.QueryableProvider`1.GetData[TResult](KeyValuePair`2 sqlObj)
   at SqlSugar.QueryableProvider`1._ToList[TResult]()
   at SqlSugar.QueryableProvider`1.ToList()
   at SqlSugar.QueryableProvider`1.Single()
   at SqlSugar.QueryableProvider`1.Single(Expression`1 expression)
   at SqlSugar.SimpleClient`1.GetSingle(Expression`1 whereExpression)
   at FytSoa.Service.Implements.ErpSkuLossOrderService.GetByGuidAsync(String parm) in E:\2018Project\ERP项目\SoaProJect\FytSoa.Service\Implements\Erp\ErpSkuLossOrderService.cs:line 54<---
|url: |action:  |IP: |QueryString: 
